#
# There is insufficient memory for the Java Runtime Environment to continue.
# Native memory allocation (malloc) failed to allocate 1558720 bytes for Chunk::new
# Possible reasons:
#   The system is out of physical RAM or swap space
#   The process is running with CompressedOops enabled, and the Java Heap may be blocking the growth of the native heap
# Possible solutions:
#   Reduce memory load on the system
#   Increase physical memory or swap space
#   Check if swap backing store is full
#   Decrease Java heap size (-Xmx/-Xms)
#   Decrease number of Java threads
#   Decrease Java thread stack sizes (-Xss)
#   Set larger code cache with -XX:ReservedCodeCacheSize=
#   JVM is running with Zero Based Compressed Oops mode in which the Java heap is
#     placed in the first 32GB address space. The Java Heap base address is the
#     maximum limit for the native heap growth. Please use -XX:HeapBaseMinAddress
#     to set the Java Heap base and to place the Java Heap above 32GB virtual address.
# This output file may be truncated or incomplete.
#
#  Out of Memory Error (allocation.cpp:389), pid=12272, tid=0x0000000000004974
#
# JRE version: Java(TM) SE Runtime Environment (8.0_451) (build 1.8.0_451-b10)
# Java VM: Java HotSpot(TM) 64-Bit Server VM (25.451-b10 mixed mode windows-amd64 compressed oops)
# Failed to write core dump. Minidumps are not enabled by default on client versions of Windows
#

---------------  T H R E A D  ---------------

Current thread (0x000002222ff17000):  JavaThread "C2 CompilerThread2" daemon [_thread_in_native, id=18804, stack(0x000000c37ae00000,0x000000c37af00000)]

Stack: [0x000000c37ae00000,0x000000c37af00000]
Native frames: (J=compiled Java code, j=interpreted, Vv=VM code, C=native code)
V  [jvm.dll+0x34bd89]
V  [jvm.dll+0x2890f2]
V  [jvm.dll+0x289cc0]
V  [jvm.dll+0x27dc95]
V  [jvm.dll+0xd9dfc]
V  [jvm.dll+0xda78c]
V  [jvm.dll+0x4955cc]
V  [jvm.dll+0x458b65]
V  [jvm.dll+0x461e1f]
V  [jvm.dll+0x461212]
V  [jvm.dll+0x44aebc]
V  [jvm.dll+0xaf3e5]
V  [jvm.dll+0xadaff]
V  [jvm.dll+0x24e529]
V  [jvm.dll+0x2a5c5c]
C  [ucrtbase.dll+0x29333]
C  [KERNEL32.DLL+0x1259d]
C  [ntdll.dll+0x5af78]


Current CompileTask:
C2:   3928 3320   !   4       java.net.URLClassLoader$1::run (81 bytes)


---------------  P R O C E S S  ---------------

Java Threads: ( => current thread )
  0x00000222318ee000 JavaThread "logback-appender-LOGSTASH-127.0.0.1:4560-4" daemon [_thread_in_native, id=22084, stack(0x000000c37b700000,0x000000c37b800000)]
  0x0000022230085000 JavaThread "logback-appender-LOGSTASH-127.0.0.1:4560-2" daemon [_thread_blocked, id=19408, stack(0x000000c37b500000,0x000000c37b600000)]
  0x0000022230242800 JavaThread "AsyncAppender-Worker-ASYNC_FILE_ERROR" daemon [_thread_blocked, id=21584, stack(0x000000c37b400000,0x000000c37b500000)]
  0x000002223023e800 JavaThread "AsyncAppender-Worker-ASYNC_FILE_INFO" daemon [_thread_blocked, id=19608, stack(0x000000c37b300000,0x000000c37b400000)]
  0x0000022232540800 JavaThread "logback-1" daemon [_thread_blocked, id=15248, stack(0x000000c37b200000,0x000000c37b300000)]
  0x000002222ff5b800 JavaThread "Service Thread" daemon [_thread_blocked, id=6540, stack(0x000000c37b000000,0x000000c37b100000)]
  0x000002222ff1a000 JavaThread "C1 CompilerThread3" daemon [_thread_blocked, id=22676, stack(0x000000c37af00000,0x000000c37b000000)]
=>0x000002222ff17000 JavaThread "C2 CompilerThread2" daemon [_thread_in_native, id=18804, stack(0x000000c37ae00000,0x000000c37af00000)]
  0x000002222ff15000 JavaThread "C2 CompilerThread1" daemon [_thread_in_native, id=4356, stack(0x000000c37ad00000,0x000000c37ae00000)]
  0x000002222e2fe000 JavaThread "C2 CompilerThread0" daemon [_thread_in_native, id=18532, stack(0x000000c37ac00000,0x000000c37ad00000)]
  0x000002222e2fd000 JavaThread "Monitor Ctrl-Break" daemon [_thread_in_native, id=17160, stack(0x000000c37ab00000,0x000000c37ac00000)]
  0x000002222e2d4000 JavaThread "Attach Listener" daemon [_thread_blocked, id=16532, stack(0x000000c37aa00000,0x000000c37ab00000)]
  0x000002222e2bd000 JavaThread "Signal Dispatcher" daemon [_thread_blocked, id=16396, stack(0x000000c37a900000,0x000000c37aa00000)]
  0x000002222e299000 JavaThread "Finalizer" daemon [_thread_blocked, id=18528, stack(0x000000c37a800000,0x000000c37a900000)]
  0x0000022213413000 JavaThread "Reference Handler" daemon [_thread_blocked, id=23172, stack(0x000000c37a700000,0x000000c37a800000)]
  0x000002221339b800 JavaThread "main" [_thread_in_vm, id=21728, stack(0x000000c379d00000,0x000000c379e00000)]

Other Threads:
  0x000002222e271800 VMThread [stack: 0x000000c37a600000,0x000000c37a700000] [id=18628]
  0x000002222ff61000 WatcherThread [stack: 0x000000c37b100000,0x000000c37b200000] [id=22592]

VM state:not at safepoint (normal execution)

VM Mutex/Monitor currently owned by a thread: None

heap address: 0x00000006c2a00000, size: 4054 MB, Compressed Oops mode: Zero based, Oop shift amount: 3
Narrow klass base: 0x0000000000000000, Narrow klass shift: 3
Compressed class space size: 1073741824 Address: 0x00000007c0000000

Heap:
 PSYoungGen      total 159744K, used 129220K [0x000000076b900000, 0x0000000778700000, 0x00000007c0000000)
  eden space 150016K, 79% used [0x000000076b900000,0x0000000772db89b0,0x0000000774b80000)
  from space 9728K, 99% used [0x0000000775780000,0x00000007760f86b0,0x0000000776100000)
  to   space 12288K, 0% used [0x0000000774b80000,0x0000000774b80000,0x0000000775780000)
 ParOldGen       total 102400K, used 10153K [0x00000006c2a00000, 0x00000006c8e00000, 0x000000076b900000)
  object space 102400K, 9% used [0x00000006c2a00000,0x00000006c33ea740,0x00000006c8e00000)
 Metaspace       used 33500K, capacity 35030K, committed 35072K, reserved 1079296K
  class space    used 4290K, capacity 4595K, committed 4608K, reserved 1048576K

Card table byte_map: [0x0000022224240000,0x0000022224a30000] byte_map_base: 0x0000022220c2b000

Marking Bits: (ParMarkBitMap*) 0x00007fffc0e50200
 Begin Bits: [0x0000022224f80000, 0x0000022228ed8000)
 End Bits:   [0x0000022228ed8000, 0x000002222ce30000)

Polling page: 0x00000222135b0000

CodeCache: size=245760Kb used=12603Kb max_used=12603Kb free=233156Kb
 bounds [0x0000022214e80000, 0x0000022215ae0000, 0x0000022223e80000]
 total_blobs=3984 nmethods=3569 adapters=327
 compilation: enabled

Compilation events (10 events):
Event: 3.894 Thread 0x000002222ff1a000 3553       3       java.beans.MethodRef::<init> (5 bytes)
Event: 3.894 Thread 0x000002222ff1a000 nmethod 3553 0x0000022215aa5450 code [0x0000022215aa55a0, 0x0000022215aa5758]
Event: 3.894 Thread 0x000002222ff1a000 3554       3       java.beans.MethodRef::set (58 bytes)
Event: 3.895 Thread 0x000002222ff1a000 nmethod 3554 0x0000022215aa5810 code [0x0000022215aa5a00, 0x0000022215aa6720]
Event: 3.895 Thread 0x000002222ff1a000 3555       3       sun.reflect.generics.reflectiveObjects.ParameterizedTypeImpl::getRawType (5 bytes)
Event: 3.895 Thread 0x000002222ff1a000 nmethod 3555 0x0000022215aa6bd0 code [0x0000022215aa6d20, 0x0000022215aa6e98]
Event: 3.895 Thread 0x000002222ff1a000 3556  s!   3       java.beans.PropertyDescriptor::getWriteMethod (165 bytes)
Event: 3.896 Thread 0x000002222ff1a000 nmethod 3556 0x0000022215aa6f10 code [0x0000022215aa7240, 0x0000022215aa9180]
Event: 3.896 Thread 0x000002222ff1a000 3557       3       sun.reflect.generics.parser.SignatureParser::init (16 bytes)
Event: 3.896 Thread 0x000002222ff1a000 nmethod 3557 0x0000022215aa9e10 code [0x0000022215aa9f60, 0x0000022215aaa0f8]

GC Heap History (10 events):
Event: 1.833 GC heap before
{Heap before GC invocations=3 (full 0):
 PSYoungGen      total 75776K, used 41457K [0x000000076b900000, 0x0000000770d80000, 0x00000007c0000000)
  eden space 65024K, 50% used [0x000000076b900000,0x000000076d905c70,0x000000076f880000)
  from space 10752K, 80% used [0x0000000770300000,0x0000000770b767a8,0x0000000770d80000)
  to   space 10752K, 0% used [0x000000076f880000,0x000000076f880000,0x0000000770300000)
 ParOldGen       total 173568K, used 88K [0x00000006c2a00000, 0x00000006cd380000, 0x000000076b900000)
  object space 173568K, 0% used [0x00000006c2a00000,0x00000006c2a16010,0x00000006cd380000)
 Metaspace       used 20244K, capacity 20998K, committed 21248K, reserved 1067008K
  class space    used 2525K, capacity 2713K, committed 2816K, reserved 1048576K
Event: 1.839 GC heap after
Heap after GC invocations=3 (full 0):
 PSYoungGen      total 75776K, used 8294K [0x000000076b900000, 0x0000000774d00000, 0x00000007c0000000)
  eden space 65024K, 0% used [0x000000076b900000,0x000000076b900000,0x000000076f880000)
  from space 10752K, 77% used [0x000000076f880000,0x0000000770099830,0x0000000770300000)
  to   space 10752K, 0% used [0x0000000774280000,0x0000000774280000,0x0000000774d00000)
 ParOldGen       total 173568K, used 96K [0x00000006c2a00000, 0x00000006cd380000, 0x000000076b900000)
  object space 173568K, 0% used [0x00000006c2a00000,0x00000006c2a18010,0x00000006cd380000)
 Metaspace       used 20244K, capacity 20998K, committed 21248K, reserved 1067008K
  class space    used 2525K, capacity 2713K, committed 2816K, reserved 1048576K
}
Event: 1.839 GC heap before
{Heap before GC invocations=4 (full 1):
 PSYoungGen      total 75776K, used 8294K [0x000000076b900000, 0x0000000774d00000, 0x00000007c0000000)
  eden space 65024K, 0% used [0x000000076b900000,0x000000076b900000,0x000000076f880000)
  from space 10752K, 77% used [0x000000076f880000,0x0000000770099830,0x0000000770300000)
  to   space 10752K, 0% used [0x0000000774280000,0x0000000774280000,0x0000000774d00000)
 ParOldGen       total 173568K, used 96K [0x00000006c2a00000, 0x00000006cd380000, 0x000000076b900000)
  object space 173568K, 0% used [0x00000006c2a00000,0x00000006c2a18010,0x00000006cd380000)
 Metaspace       used 20244K, capacity 20998K, committed 21248K, reserved 1067008K
  class space    used 2525K, capacity 2713K, committed 2816K, reserved 1048576K
Event: 1.860 GC heap after
Heap after GC invocations=4 (full 1):
 PSYoungGen      total 75776K, used 0K [0x000000076b900000, 0x0000000774d00000, 0x00000007c0000000)
  eden space 65024K, 0% used [0x000000076b900000,0x000000076b900000,0x000000076f880000)
  from space 10752K, 0% used [0x000000076f880000,0x000000076f880000,0x0000000770300000)
  to   space 10752K, 0% used [0x0000000774280000,0x0000000774280000,0x0000000774d00000)
 ParOldGen       total 102400K, used 8102K [0x00000006c2a00000, 0x00000006c8e00000, 0x000000076b900000)
  object space 102400K, 7% used [0x00000006c2a00000,0x00000006c31e9b78,0x00000006c8e00000)
 Metaspace       used 20244K, capacity 20998K, committed 21248K, reserved 1067008K
  class space    used 2525K, capacity 2713K, committed 2816K, reserved 1048576K
}
Event: 2.104 GC heap before
{Heap before GC invocations=5 (full 1):
 PSYoungGen      total 75776K, used 65024K [0x000000076b900000, 0x0000000774d00000, 0x00000007c0000000)
  eden space 65024K, 100% used [0x000000076b900000,0x000000076f880000,0x000000076f880000)
  from space 10752K, 0% used [0x000000076f880000,0x000000076f880000,0x0000000770300000)
  to   space 10752K, 0% used [0x0000000774280000,0x0000000774280000,0x0000000774d00000)
 ParOldGen       total 102400K, used 8102K [0x00000006c2a00000, 0x00000006c8e00000, 0x000000076b900000)
  object space 102400K, 7% used [0x00000006c2a00000,0x00000006c31e9b78,0x00000006c8e00000)
 Metaspace       used 24197K, capacity 25168K, committed 25472K, reserved 1071104K
  class space    used 3114K, capacity 3330K, committed 3456K, reserved 1048576K
Event: 2.107 GC heap after
Heap after GC invocations=5 (full 1):
 PSYoungGen      total 105984K, used 4924K [0x000000076b900000, 0x0000000774780000, 0x00000007c0000000)
  eden space 100864K, 0% used [0x000000076b900000,0x000000076b900000,0x0000000771b80000)
  from space 5120K, 96% used [0x0000000774280000,0x000000077474f260,0x0000000774780000)
  to   space 10752K, 0% used [0x0000000773280000,0x0000000773280000,0x0000000773d00000)
 ParOldGen       total 102400K, used 8110K [0x00000006c2a00000, 0x00000006c8e00000, 0x000000076b900000)
  object space 102400K, 7% used [0x00000006c2a00000,0x00000006c31ebb78,0x00000006c8e00000)
 Metaspace       used 24197K, capacity 25168K, committed 25472K, reserved 1071104K
  class space    used 3114K, capacity 3330K, committed 3456K, reserved 1048576K
}
Event: 2.720 GC heap before
{Heap before GC invocations=6 (full 1):
 PSYoungGen      total 105984K, used 105788K [0x000000076b900000, 0x0000000774780000, 0x00000007c0000000)
  eden space 100864K, 100% used [0x000000076b900000,0x0000000771b80000,0x0000000771b80000)
  from space 5120K, 96% used [0x0000000774280000,0x000000077474f260,0x0000000774780000)
  to   space 10752K, 0% used [0x0000000773280000,0x0000000773280000,0x0000000773d00000)
 ParOldGen       total 102400K, used 8110K [0x00000006c2a00000, 0x00000006c8e00000, 0x000000076b900000)
  object space 102400K, 7% used [0x00000006c2a00000,0x00000006c31ebb78,0x00000006c8e00000)
 Metaspace       used 26559K, capacity 27642K, committed 27776K, reserved 1073152K
  class space    used 3362K, capacity 3595K, committed 3712K, reserved 1048576K
Event: 2.723 GC heap after
Heap after GC invocations=6 (full 1):
 PSYoungGen      total 135168K, used 6617K [0x000000076b900000, 0x0000000776100000, 0x00000007c0000000)
  eden space 124416K, 0% used [0x000000076b900000,0x000000076b900000,0x0000000773280000)
  from space 10752K, 61% used [0x0000000773280000,0x00000007738f6650,0x0000000773d00000)
  to   space 9728K, 0% used [0x0000000775780000,0x0000000775780000,0x0000000776100000)
 ParOldGen       total 102400K, used 8118K [0x00000006c2a00000, 0x00000006c8e00000, 0x000000076b900000)
  object space 102400K, 7% used [0x00000006c2a00000,0x00000006c31edb78,0x00000006c8e00000)
 Metaspace       used 26559K, capacity 27642K, committed 27776K, reserved 1073152K
  class space    used 3362K, capacity 3595K, committed 3712K, reserved 1048576K
}
Event: 3.436 GC heap before
{Heap before GC invocations=7 (full 1):
 PSYoungGen      total 135168K, used 131033K [0x000000076b900000, 0x0000000776100000, 0x00000007c0000000)
  eden space 124416K, 100% used [0x000000076b900000,0x0000000773280000,0x0000000773280000)
  from space 10752K, 61% used [0x0000000773280000,0x00000007738f6650,0x0000000773d00000)
  to   space 9728K, 0% used [0x0000000775780000,0x0000000775780000,0x0000000776100000)
 ParOldGen       total 102400K, used 8118K [0x00000006c2a00000, 0x00000006c8e00000, 0x000000076b900000)
  object space 102400K, 7% used [0x00000006c2a00000,0x00000006c31edb78,0x00000006c8e00000)
 Metaspace       used 30676K, capacity 31966K, committed 32128K, reserved 1077248K
  class space    used 3896K, capacity 4151K, committed 4224K, reserved 1048576K
Event: 3.443 GC heap after
Heap after GC invocations=7 (full 1):
 PSYoungGen      total 159744K, used 9697K [0x000000076b900000, 0x0000000778700000, 0x00000007c0000000)
  eden space 150016K, 0% used [0x000000076b900000,0x000000076b900000,0x0000000774b80000)
  from space 9728K, 99% used [0x0000000775780000,0x00000007760f86b0,0x0000000776100000)
  to   space 12288K, 0% used [0x0000000774b80000,0x0000000774b80000,0x0000000775780000)
 ParOldGen       total 102400K, used 10153K [0x00000006c2a00000, 0x00000006c8e00000, 0x000000076b900000)
  object space 102400K, 9% used [0x00000006c2a00000,0x00000006c33ea740,0x00000006c8e00000)
 Metaspace       used 30676K, capacity 31966K, committed 32128K, reserved 1077248K
  class space    used 3896K, capacity 4151K, committed 4224K, reserved 1048576K
}

Deoptimization events (10 events):
Event: 3.664 Thread 0x000002221339b800 Uncommon trap: reason=unstable_if action=reinterpret pc=0x000002221585a028 method=org.springframework.beans.factory.support.AbstractBeanFactory.isFactoryBean(Ljava/lang/String;Lorg/springframework/beans/factory/support/RootBeanDefinition;)Z @ 38
Event: 3.748 Thread 0x000002221339b800 Uncommon trap: reason=unstable_if action=reinterpret pc=0x000002221589bafc method=org.springframework.beans.factory.support.AbstractBeanFactory.getBeanPostProcessorCache()Lorg/springframework/beans/factory/support/AbstractBeanFactory$BeanPostProcessorCach
Event: 3.834 Thread 0x000002221339b800 Uncommon trap: reason=class_check action=maybe_recompile pc=0x0000022215737c58 method=java.lang.reflect.Method.equals(Ljava/lang/Object;)Z @ 5
Event: 3.834 Thread 0x000002221339b800 Uncommon trap: reason=unstable_if action=reinterpret pc=0x0000022215661e8c method=org.springframework.util.ConcurrentReferenceHashMap$Segment.findInChain(Lorg/springframework/util/ConcurrentReferenceHashMap$Reference;Ljava/lang/Object;I)Lorg/springframewo
Event: 3.838 Thread 0x000002221339b800 Uncommon trap: reason=class_check action=maybe_recompile pc=0x0000022215737c58 method=java.lang.reflect.Method.equals(Ljava/lang/Object;)Z @ 5
Event: 3.838 Thread 0x000002221339b800 Uncommon trap: reason=class_check action=maybe_recompile pc=0x0000022215737c58 method=java.lang.reflect.Method.equals(Ljava/lang/Object;)Z @ 5
Event: 3.842 Thread 0x000002221339b800 Uncommon trap: reason=unstable_if action=reinterpret pc=0x00000222159d76c8 method=org.springframework.beans.factory.support.AbstractBeanFactory.hasInstantiationAwareBeanPostProcessors()Z @ 12
Event: 3.844 Thread 0x000002221339b800 Uncommon trap: reason=unstable_if action=reinterpret pc=0x000002221584da50 method=org.springframework.beans.factory.support.AbstractBeanFactory.getBeanPostProcessorCache()Lorg/springframework/beans/factory/support/AbstractBeanFactory$BeanPostProcessorCach
Event: 3.851 Thread 0x000002221339b800 Uncommon trap: reason=unstable_if action=reinterpret pc=0x000002221587907c method=org.springframework.beans.factory.support.DefaultSingletonBeanRegistry.getSingleton(Ljava/lang/String;Z)Ljava/lang/Object; @ 20
Event: 3.861 Thread 0x000002221339b800 Uncommon trap: reason=unstable_if action=reinterpret pc=0x0000022215737c6c method=java.lang.reflect.Method.equals(Ljava/lang/Object;)Z @ 1

Classes redefined (0 events):
No events

Internal exceptions (10 events):
Event: 3.878 Thread 0x000002221339b800 Exception <a 'java/lang/ClassNotFoundException': org/springframework/beans/factory/config/BeanPostProcessorCustomizer> (0x0000000771fd74d8) thrown at [C:\jenkins\workspace\8-2-build-windows-x64-cygwin-sans-NAS\jdk8u451\1832\hotspot\src\share\vm\classfile\
Event: 3.878 Thread 0x000002221339b800 Exception <a 'java/lang/ClassNotFoundException': org/springframework/core/OrderedCustomizer> (0x0000000772004fb0) thrown at [C:\jenkins\workspace\8-2-build-windows-x64-cygwin-sans-NAS\jdk8u451\1832\hotspot\src\share\vm\classfile\systemDictionary.cpp, line
Event: 3.879 Thread 0x000002221339b800 Exception <a 'java/lang/ClassNotFoundException': org/springframework/beans/factory/BeanClassLoaderAwareCustomizer> (0x000000077203f658) thrown at [C:\jenkins\workspace\8-2-build-windows-x64-cygwin-sans-NAS\jdk8u451\1832\hotspot\src\share\vm\classfile\syst
Event: 3.879 Thread 0x000002221339b800 Exception <a 'java/lang/ClassNotFoundException': org/springframework/beans/factory/AwareCustomizer> (0x0000000772071678) thrown at [C:\jenkins\workspace\8-2-build-windows-x64-cygwin-sans-NAS\jdk8u451\1832\hotspot\src\share\vm\classfile\systemDictionary.cp
Event: 3.880 Thread 0x000002221339b800 Exception <a 'java/lang/ClassNotFoundException': org/springframework/aop/framework/AopInfrastructureBeanCustomizer> (0x00000007720ab0d8) thrown at [C:\jenkins\workspace\8-2-build-windows-x64-cygwin-sans-NAS\jdk8u451\1832\hotspot\src\share\vm\classfile\sys
Event: 3.888 Thread 0x000002221339b800 Exception <a 'java/lang/ClassNotFoundException': java/lang/ObjectCustomizer> (0x00000007721d6e68) thrown at [C:\jenkins\workspace\8-2-build-windows-x64-cygwin-sans-NAS\jdk8u451\1832\hotspot\src\share\vm\classfile\systemDictionary.cpp, line 213]
Event: 3.889 Thread 0x000002221339b800 Exception <a 'java/lang/ClassNotFoundException': org/springframework/scheduling/annotation/SchedulingConfigurationCustomizer> (0x000000077221b5e0) thrown at [C:\jenkins\workspace\8-2-build-windows-x64-cygwin-sans-NAS\jdk8u451\1832\hotspot\src\share\vm\cla
Event: 3.893 Thread 0x000002221339b800 Exception <a 'java/lang/ClassNotFoundException': java/lang/ObjectCustomizer> (0x0000000772286500) thrown at [C:\jenkins\workspace\8-2-build-windows-x64-cygwin-sans-NAS\jdk8u451\1832\hotspot\src\share\vm\classfile\systemDictionary.cpp, line 213]
Event: 3.894 Thread 0x000002221339b800 Exception <a 'java/lang/ClassNotFoundException': org/springframework/scheduling/annotation/ScheduledAnnotationBeanPostProcessorCustomizer> (0x00000007722d0fe0) thrown at [C:\jenkins\workspace\8-2-build-windows-x64-cygwin-sans-NAS\jdk8u451\1832\hotspot\src
Event: 3.896 Thread 0x000002221339b800 Exception <a 'java/lang/ClassNotFoundException': org/springframework/scheduling/config/ScheduledTaskHolderCustomizer> (0x00000007723313f8) thrown at [C:\jenkins\workspace\8-2-build-windows-x64-cygwin-sans-NAS\jdk8u451\1832\hotspot\src\share\vm\classfile\s

Events (10 events):
Event: 3.894 loading class org/springframework/scheduling/config/ScheduledTask
Event: 3.894 loading class org/springframework/scheduling/config/ScheduledTask done
Event: 3.895 loading class org/springframework/scheduling/config/ScheduledTaskHolderCustomizer
Event: 3.895 loading class org/springframework/scheduling/config/ScheduledTaskHolderCustomizer done
Event: 3.896 loading class org/springframework/scheduling/config/ScheduledTaskHolderCustomizer
Event: 3.896 loading class org/springframework/scheduling/config/ScheduledTaskHolderCustomizer done
Event: 3.896 loading class org/springframework/scheduling/config/ScheduledTaskHolderCustomizer
Event: 3.896 loading class org/springframework/scheduling/config/ScheduledTaskHolderCustomizer done
Event: 3.896 loading class org/springframework/beans/factory/support/MergedBeanDefinitionPostProcessorCustomizer
Event: 3.896 loading class org/springframework/beans/factory/support/MergedBeanDefinitionPostProcessorCustomizer done


Dynamic libraries:
0x00007ff6ead40000 - 0x00007ff6ead8f000 	D:\Program Files\Java\jdk-1.8\bin\java.exe
0x00007ff895f70000 - 0x00007ff896187000 	C:\Windows\SYSTEM32\ntdll.dll
0x00007ff893e40000 - 0x00007ff893f04000 	C:\Windows\System32\KERNEL32.DLL
0x00007ff8934c0000 - 0x00007ff893892000 	C:\Windows\System32\KERNELBASE.dll
0x00007ff894a60000 - 0x00007ff894b11000 	C:\Windows\System32\ADVAPI32.dll
0x00007ff893d90000 - 0x00007ff893e37000 	C:\Windows\System32\msvcrt.dll
0x00007ff893f90000 - 0x00007ff894038000 	C:\Windows\System32\sechost.dll
0x00007ff893460000 - 0x00007ff893488000 	C:\Windows\System32\bcrypt.dll
0x00007ff893c70000 - 0x00007ff893d84000 	C:\Windows\System32\RPCRT4.dll
0x00007ff895860000 - 0x00007ff895a11000 	C:\Windows\System32\USER32.dll
0x00007ff893490000 - 0x00007ff8934b6000 	C:\Windows\System32\win32u.dll
0x00007ff895e00000 - 0x00007ff895e29000 	C:\Windows\System32\GDI32.dll
0x00007ff893ad0000 - 0x00007ff893bf3000 	C:\Windows\System32\gdi32full.dll
0x00007ff893200000 - 0x00007ff89329a000 	C:\Windows\System32\msvcp_win.dll
0x00007ff893060000 - 0x00007ff893171000 	C:\Windows\System32\ucrtbase.dll
0x00007ff87e710000 - 0x00007ff87e9ab000 	C:\Windows\WinSxS\amd64_microsoft.windows.common-controls_6595b64144ccf1df_6.0.22621.5547_none_27104afb73855772\COMCTL32.dll
0x00007ff895480000 - 0x00007ff8954b1000 	C:\Windows\System32\IMM32.DLL
0x00007ff86fba0000 - 0x00007ff86fbbb000 	D:\Program Files\Java\jdk-1.8\jre\bin\vcruntime140.dll
0x00007ff8878e0000 - 0x00007ff8878ec000 	D:\Program Files\Java\jdk-1.8\jre\bin\vcruntime140_1.dll
0x00007ff866200000 - 0x00007ff86628e000 	D:\Program Files\Java\jdk-1.8\jre\bin\msvcp140.dll
0x00007fffc0620000 - 0x00007fffc0eca000 	D:\Program Files\Java\jdk-1.8\jre\bin\server\jvm.dll
0x00007ff894a50000 - 0x00007ff894a58000 	C:\Windows\System32\PSAPI.DLL
0x00007ff8892d0000 - 0x00007ff8892d9000 	C:\Windows\SYSTEM32\WSOCK32.dll
0x00007ff889830000 - 0x00007ff889864000 	C:\Windows\SYSTEM32\WINMM.dll
0x00007ff880a00000 - 0x00007ff880a0a000 	C:\Windows\SYSTEM32\VERSION.dll
0x00007ff895e30000 - 0x00007ff895ea1000 	C:\Windows\System32\WS2_32.dll
0x00007ff892140000 - 0x00007ff892158000 	C:\Windows\SYSTEM32\kernel.appcore.dll
0x00007ff87eb80000 - 0x00007ff87eb90000 	D:\Program Files\Java\jdk-1.8\jre\bin\verify.dll
0x00007ff86aaa0000 - 0x00007ff86aacb000 	D:\Program Files\Java\jdk-1.8\jre\bin\java.dll
0x00007ff866180000 - 0x00007ff8661b7000 	D:\Program Files\Java\jdk-1.8\jre\bin\instrument.dll
0x00007ff86cf40000 - 0x00007ff86cf58000 	D:\Program Files\Java\jdk-1.8\jre\bin\zip.dll
0x00007ff894b20000 - 0x00007ff8953c2000 	C:\Windows\System32\SHELL32.dll
0x00007ff8932a0000 - 0x00007ff8933df000 	C:\Windows\System32\wintypes.dll
0x00007ff8954c0000 - 0x00007ff895853000 	C:\Windows\System32\combase.dll
0x00007ff890f50000 - 0x00007ff89186d000 	C:\Windows\SYSTEM32\windows.storage.dll
0x00007ff894040000 - 0x00007ff89414c000 	C:\Windows\System32\SHCORE.dll
0x00007ff894740000 - 0x00007ff8947a9000 	C:\Windows\System32\shlwapi.dll
0x00007ff892f90000 - 0x00007ff892fbb000 	C:\Windows\SYSTEM32\profapi.dll
0x00007ff86e120000 - 0x00007ff86e13a000 	D:\Program Files\JetBrains\IntelliJ IDEA 2024.1.7\bin\breakgen64.dll
0x00007ff86b0d0000 - 0x00007ff86b0ec000 	D:\Program Files\Java\jdk-1.8\jre\bin\net.dll
0x00007ff8925b0000 - 0x00007ff892619000 	C:\Windows\system32\mswsock.dll
0x00007ff866160000 - 0x00007ff866173000 	D:\Program Files\Java\jdk-1.8\jre\bin\nio.dll
0x00007ff86aa90000 - 0x00007ff86aa9d000 	D:\Program Files\Java\jdk-1.8\jre\bin\management.dll
0x00007ff866ab0000 - 0x00007ff866ac7000 	C:\Windows\system32\napinsp.dll
0x00007ff866a90000 - 0x00007ff866aab000 	C:\Windows\system32\pnrpnsp.dll
0x00007ff891b70000 - 0x00007ff891c68000 	C:\Windows\SYSTEM32\DNSAPI.dll
0x00007ff891b40000 - 0x00007ff891b6d000 	C:\Windows\SYSTEM32\IPHLPAPI.DLL
0x00007ff894980000 - 0x00007ff894989000 	C:\Windows\System32\NSI.dll
0x00007ff866a70000 - 0x00007ff866a81000 	C:\Windows\System32\winrnr.dll
0x00007ff8896c0000 - 0x00007ff8896df000 	C:\Windows\system32\wshbth.dll
0x00007ff866a40000 - 0x00007ff866a61000 	C:\Windows\system32\nlansp_c.dll
0x00007ff887d70000 - 0x00007ff887d7a000 	C:\Windows\System32\rasadhlp.dll
0x00007ff8890e0000 - 0x00007ff889164000 	C:\Windows\System32\fwpuclnt.dll
0x00007ff88d4b0000 - 0x00007ff88d6e3000 	C:\Windows\SYSTEM32\dbghelp.dll
0x00007ff895b80000 - 0x00007ff895c57000 	C:\Windows\System32\OLEAUT32.dll
0x00007ff8933e0000 - 0x00007ff89345b000 	C:\Windows\System32\bcryptPrimitives.dll

VM Arguments:
jvm_args: -ea -Didea.test.cyclic.buffer.size=1048576 -javaagent:D:\Program Files\JetBrains\IntelliJ IDEA 2024.1.7\lib\idea_rt.jar=62289:D:\Program Files\JetBrains\IntelliJ IDEA 2024.1.7\bin -Dfile.encoding=UTF-8 
java_command: com.intellij.rt.junit.JUnitStarter -ideVersion5 -junit4 cn.bugstack.test.trigger.MarketTradeControllerTest,test_lockMarketPayOrder_mq
java_class_path (initial): D:\Program Files\JetBrains\IntelliJ IDEA 2024.1.7\lib\idea_rt.jar;D:\Program Files\JetBrains\IntelliJ IDEA 2024.1.7\plugins\junit\lib\junit5-rt.jar;D:\Program Files\JetBrains\IntelliJ IDEA 2024.1.7\plugins\junit\lib\junit-rt.jar;D:\Program Files\Java\jdk-1.8\jre\lib\charsets.jar;D:\Program Files\Java\jdk-1.8\jre\lib\deploy.jar;D:\Program Files\Java\jdk-1.8\jre\lib\ext\access-bridge-64.jar;D:\Program Files\Java\jdk-1.8\jre\lib\ext\cldrdata.jar;D:\Program Files\Java\jdk-1.8\jre\lib\ext\dnsns.jar;D:\Program Files\Java\jdk-1.8\jre\lib\ext\jaccess.jar;D:\Program Files\Java\jdk-1.8\jre\lib\ext\localedata.jar;D:\Program Files\Java\jdk-1.8\jre\lib\ext\nashorn.jar;D:\Program Files\Java\jdk-1.8\jre\lib\ext\sunec.jar;D:\Program Files\Java\jdk-1.8\jre\lib\ext\sunjce_provider.jar;D:\Program Files\Java\jdk-1.8\jre\lib\ext\sunmscapi.jar;D:\Program Files\Java\jdk-1.8\jre\lib\ext\sunpkcs11.jar;D:\Program Files\Java\jdk-1.8\jre\lib\ext\zipfs.jar;D:\Program Files\Java\jdk-1.8\jre\lib\javaws.jar;D:\Program Files\Java\jdk-1.8\jre\lib\jce.jar;D:\Program Files\Java\jdk-1.8\jre\lib\jfr.jar;D:\Program Files\Java\jdk-1.8\jre\lib\jsse.jar;D:\Program Files\Java\jdk-1.8\jre\lib\management-agent.jar;D:\Program Files\Java\jdk-1.8\jre\lib\plugin.jar;D:\Program Files\Java\jdk-1.8\jre\lib\resources.jar;D:\Program Files\Java\jdk-1.8\jre\lib\rt.jar;F:\Java\practice\group-buy-market-master\group-buy-market-master\group-buy-market-app\target\test-classes;F:\Java\practice\group-buy-market-master\group-buy-market-master\group-buy-market-app\target\classes;C:\Users\Administrator\.m2\repository\org\springframework\boot\spring-boot-starter-web\2.7.12\spring-boot-starter-web-2.7.12.jar;C:\Users\Administrator\.m2\repository\org\springframework\boot\spring-boot-starter\2.7.12\spring-boot-starter-2.7.12.jar;C:\Users\Administrator\.m2\repository\org\springframework\boot\spring-boot\2.7.12\spring-boot-2.7.12.jar;C:\Users\Administrator\.m2\repository\org\springframework\boot\spring-boot
Launcher Type: SUN_STANDARD

Environment Variables:
JAVA_HOME=D:\Program Files\Java\jdk-21
CLASSPATH=.;D:\Program Files\Java\jdk-21\lib\dt.jar;D:\Program Files\Java\jdk-21\lib\tools.jar;D:\Program Files\Java\jdk-21\lib;
PATH=D:\Program Files (x86)\VMware\VMware Workstation\bin\;D:\Program Files\Java\jdk-21\bin;C:\Program Files\Common Files\Oracle\Java\javapath;C:\Program Files (x86)\Common Files\Oracle\Java\java8path;C:\Program Files (x86)\Common Files\Oracle\Java\javapath;C:\Windows\system32;C:\Windows;C:\Windows\System32\Wbem;C:\Windows\System32\WindowsPowerShell\v1.0\;C:\Windows\System32\OpenSSH\;C:\Windows\system32\downlevel;C:\Program Files\dotnet\;C:\Program Files (x86)\NVIDIA Corporation\PhysX\Common;F:\Java\software\apache-maven-3.9.9\bin;D:\Program Files (x86)\NetSarang\Xftp 8\;D:\Program Files (x86)\NetSarang\Xshell 8\;D:\Program Files\Docker\resources\bin;D:\Program Files\nodejs\node_modules;D:\Program Files\nodejs;D:\Program Files\nodejs\node_global;D:\Users\Administrator\AppData\Local\Programs\Python\Scripts\;D:\Users\Administrator\AppData\Local\Programs\Python\;C:\Users\Administrator\AppData\Local\Programs\Python\Launcher\;C:\Users\Administrator\AppData\Local\Microsoft\WindowsApps;D:\Program Files\JetBrains\IntelliJ IDEA 2024.1.7\bin;;D:\Program Files\nodejs\node_global;D:\Users\Administrator\AppData\Local\Programs\Kiro\bin;D:\texlive\2025\bin\windows
USERNAME=Administrator
OS=Windows_NT
PROCESSOR_IDENTIFIER=Intel64 Family 6 Model 158 Stepping 10, GenuineIntel



---------------  S Y S T E M  ---------------

OS: Windows 11 , 64 bit Build 22621 (10.0.22621.5415)

CPU:total 8 (initial active 8) (4 cores per cpu, 2 threads per core) family 6 model 158 stepping 10, cmov, cx8, fxsr, mmx, sse, sse2, sse3, ssse3, sse4.1, sse4.2, popcnt, avx, avx2, aes, clmul, erms, 3dnowpref, lzcnt, ht, tsc, tscinvbit, bmi1, bmi2, adx

Memory: 4k page, physical 16599492k(347212k free), swap 29655668k(6068k free)

vm_info: Java HotSpot(TM) 64-Bit Server VM (25.451-b10) for windows-amd64 JRE (1.8.0_451-b10), built on Apr  5 2025 03:18:54 by "java_re" with MS VC++ 17.6 (VS2022)

time: Wed Dec 24 21:53:38 2025
timezone: Intel64 Family 6 Model 158 Stepping 10, GenuineIntel
elapsed time: 3.930568 seconds (0d 0h 0m 3s)

